<?xml version="1.0" encoding="UTF-8"?>
<testng-results ignored="0" total="3" passed="3" failed="0" skipped="0">
  <reporter-output>
  </reporter-output>
  <suite started-at="2020-11-26T17:23:09 IST" name="Default suite" finished-at="2020-11-26T17:23:12 IST" duration-ms="3365">
    <groups>
    </groups>
    <test started-at="2020-11-26T17:23:09 IST" name="Default test" finished-at="2020-11-26T17:23:12 IST" duration-ms="3365">
      <class name="com.org.apiTest.POST_API_Test">
        <test-method is-config="true" signature="setup()[pri:0, instance:com.org.apiTest.POST_API_Test@1fb700ee]" started-at="2020-11-26T17:23:09 IST" name="setup" finished-at="2020-11-26T17:23:09 IST" duration-ms="10" status="PASS">
          <reporter-output>
          </reporter-output>
        </test-method> <!-- setup -->
        <test-method signature="postApiTest()[pri:1, instance:com.org.apiTest.POST_API_Test@1fb700ee]" started-at="2020-11-26T17:23:09 IST" name="postApiTest" finished-at="2020-11-26T17:23:10 IST" duration-ms="1303" status="PASS">
          <reporter-output>
          </reporter-output>
        </test-method> <!-- postApiTest -->
        <test-method signature="restAssuredPostApiTest()[pri:2, instance:com.org.apiTest.POST_API_Test@1fb700ee]" started-at="2020-11-26T17:23:10 IST" name="restAssuredPostApiTest" finished-at="2020-11-26T17:23:12 IST" duration-ms="1814" status="PASS">
          <reporter-output>
          </reporter-output>
        </test-method> <!-- restAssuredPostApiTest -->
        <test-method signature="getHttpRequest()[pri:3, instance:com.org.apiTest.POST_API_Test@1fb700ee]" started-at="2020-11-26T17:23:12 IST" name="getHttpRequest" finished-at="2020-11-26T17:23:12 IST" duration-ms="200" status="PASS">
          <reporter-output>
          </reporter-output>
        </test-method> <!-- getHttpRequest -->
      </class> <!-- com.org.apiTest.POST_API_Test -->
    </test> <!-- Default test -->
  </suite> <!-- Default suite -->
</testng-results>
