<?xml version="1.0" encoding="UTF-8"?>
<!-- Generated by org.testng.reporters.JUnitXMLReporter -->
<testsuite ignored="0" hostname="DESKTOP-TKOF22I" failures="0" tests="3" name="Default test" time="3.365" errors="0" timestamp="2020-11-26T17:23:12 IST">
  <testcase classname="com.org.apiTest.POST_API_Test" name="postApiTest" time="1.303"/>
  <testcase classname="com.org.apiTest.POST_API_Test" name="restAssuredPostApiTest" time="1.814"/>
  <testcase classname="com.org.apiTest.POST_API_Test" name="getHttpRequest" time="0.2"/>
</testsuite> <!-- Default test -->
