<?xml version="1.0" encoding="UTF-8"?>
<testsuite xmlns:xsi="http://www.w3.org/2001/XMLSchema-instance" xsi:noNamespaceSchemaLocation="https://maven.apache.org/surefire/maven-surefire-plugin/xsd/surefire-test-report.xsd" name="TestSuite" time="3.958" tests="3" errors="0" skipped="0" failures="0">
  <properties>
[...]
</properties>
  <testcase name="postApiTest" classname="com.org.apiTest.POST_API_Test" time="1.503"/>
  <testcase name="restAssuredPostApiTest" classname="com.org.apiTest.POST_API_Test" time="1.711"/>
  <testcase name="getHttpRequest" classname="com.org.apiTest.POST_API_Test" time="0.205"/>
</testsuite>