<?xml version="1.0" encoding="UTF-8"?>
<testng-results skipped="0" failed="0" ignored="0" total="3" passed="3">
  <reporter-output>
  </reporter-output>
  <suite name="Surefire suite" duration-ms="3446" started-at="2020-11-30T00:44:56 IST" finished-at="2020-11-30T00:44:59 IST">
    <groups>
    </groups>
    <test name="Surefire test" duration-ms="3446" started-at="2020-11-30T00:44:56 IST" finished-at="2020-11-30T00:44:59 IST">
      <class name="com.org.apiTest.POST_API_Test">
        <test-method status="PASS" signature="setup()[pri:0, instance:com.org.apiTest.POST_API_Test@598067a5]" name="setup" is-config="true" duration-ms="16" started-at="2020-11-30T00:44:56 IST" finished-at="2020-11-30T00:44:56 IST">
          <reporter-output>
          </reporter-output>
        </test-method> <!-- setup -->
        <test-method status="PASS" signature="postApiTest()[pri:1, instance:com.org.apiTest.POST_API_Test@598067a5]" name="postApiTest" duration-ms="1501" started-at="2020-11-30T00:44:56 IST" finished-at="2020-11-30T00:44:57 IST">
          <reporter-output>
          </reporter-output>
        </test-method> <!-- postApiTest -->
        <test-method status="PASS" signature="restAssuredPostApiTest()[pri:2, instance:com.org.apiTest.POST_API_Test@598067a5]" name="restAssuredPostApiTest" duration-ms="1711" started-at="2020-11-30T00:44:57 IST" finished-at="2020-11-30T00:44:59 IST">
          <reporter-output>
          </reporter-output>
        </test-method> <!-- restAssuredPostApiTest -->
        <test-method status="PASS" signature="getHttpRequest()[pri:3, instance:com.org.apiTest.POST_API_Test@598067a5]" name="getHttpRequest" duration-ms="196" started-at="2020-11-30T00:44:59 IST" finished-at="2020-11-30T00:44:59 IST">
          <reporter-output>
          </reporter-output>
        </test-method> <!-- getHttpRequest -->
      </class> <!-- com.org.apiTest.POST_API_Test -->
    </test> <!-- Surefire test -->
  </suite> <!-- Surefire suite -->
</testng-results>
